<?xml version="1.0" encoding="UTF-8"?>
<testng-results ignored="0" total="1" passed="1" failed="0" skipped="0">
  <reporter-output>
  </reporter-output>
  <suite started-at="2021-04-05T00:05:32 BDT" name="Default suite" finished-at="2021-04-05T00:05:54 BDT" duration-ms="21939">
    <groups>
    </groups>
    <test started-at="2021-04-05T00:05:32 BDT" name="Default test" finished-at="2021-04-05T00:05:54 BDT" duration-ms="21939">
      <class name="FirstTest">
        <test-method is-config="true" signature="launchTask()[pri:0, instance:FirstTest@68567e20]" started-at="2021-04-05T00:05:32 BDT" name="launchTask" finished-at="2021-04-05T00:05:44 BDT" duration-ms="11985" status="PASS">
          <reporter-output>
          </reporter-output>
        </test-method> <!-- launchTask -->
        <test-method signature="Task()[pri:0, instance:FirstTest@68567e20]" started-at="2021-04-05T00:05:44 BDT" name="Task" finished-at="2021-04-05T00:05:54 BDT" duration-ms="9879" status="PASS">
          <reporter-output>
          </reporter-output>
        </test-method> <!-- Task -->
        <test-method is-config="true" signature="verify()[pri:0, instance:FirstTest@68567e20]" started-at="2021-04-05T00:05:54 BDT" name="verify" finished-at="2021-04-05T00:05:54 BDT" duration-ms="52" status="PASS">
          <reporter-output>
          </reporter-output>
        </test-method> <!-- verify -->
      </class> <!-- FirstTest -->
    </test> <!-- Default test -->
  </suite> <!-- Default suite -->
</testng-results>
